Arguments: 
  C:\Program Files (x86)\nodejs\node.exe C:\Program Files (x86)\Yarn\bin\yarn.js install

PATH: 
  C:\ProgramData\Oracle\Java\javapath;C:\Windows\system32;C:\Windows;C:\Windows\System32\Wbem;C:\Windows\System32\WindowsPowerShell\v1.0\;C:\Windows\System32\OpenSSH\;C:\Program Files (x86)\NVIDIA Corporation\PhysX\Common;C:\Program Files\dotnet\;C:\Program Files\Microsoft SQL Server\130\Tools\Binn\;C:\Program Files\Microsoft SQL Server\Client SDK\ODBC\170\Tools\Binn\;D:\Git\cmd;C:\Program Files (x86)\nodejs\;C:\ProgramData\chocolatey\bin;C:\Program Files (x86)\Yarn\bin\;C:\Program Files\Docker\Docker\resources\bin;C:\ProgramData\DockerDesktop\version-bin;C:\Program Files\MySQL\MySQL Server 8.0\bin;C:\Users\T-Gamer\AppData\Local\Programs\Microsoft VS Code\bin;C:\Users\T-Gamer\AppData\Local\Yarn\bin

Yarn version: 
  1.22.5

Node version: 
  14.17.0

Platform: 
  win32 ia32

Trace: 
  Error: 16316:error:1408F119:SSL routines:ssl3_get_record:decryption failed or bad record mac:c:\ws\deps\openssl\openssl\ssl\record\ssl3_record.c:677:

npm manifest: 
  {
    "devDependencies": {
      "@types/express": "^4.17.13",
      "@types/multer": "^1.4.7",
      "@typescript-eslint/eslint-plugin": "^4.28.4",
      "eslint": "^7.31.0",
      "eslint-config-airbnb-base": "^14.2.1",
      "eslint-config-prettier": "^8.3.0",
      "eslint-plugin-import": "2.22.1",
      "eslint-plugin-prettier": "^3.4.0",
      "express": "^4.17.1",
      "prettier": "^2.3.2",
      "ts-node-dev": "^1.1.8"
    },
    "name": "Criando-a-Api-com-Nodejs",
    "version": "1.0.0",
    "main": "index.js",
    "license": "MIT",
    "scripts": {
      "dev":"ts-node-dev --inspect --transpile-only --ignore-watch node_modules --respawn  --poll src/server.ts"
    },
    "dependencies": {
      "csv-parse": "^4.16.0",
      "multer": "^1.4.2",
      "swagger-ui-express": "^4.1.6",
      "typescript": "^4.3.5",
      "uuid": "^8.3.2"
    }
  }

yarn manifest: 
  No manifest

Lockfile: 
  No lockfile
